0 info it worked if it ends with ok
1 verbose cli [ '/usr/local/bin/node',
1 verbose cli   '/usr/local/bin/npm',
1 verbose cli   'install',
1 verbose cli   'amqp-hack' ]
2 info using npm@1.3.11
3 info using node@v0.10.21
4 warn package.json Apiary-Dashboard@0.0.1 No repository field.
5 verbose readDependencies using package.json deps
6 verbose cache add [ 'amqp-hack', null ]
7 verbose cache add name=undefined spec="amqp-hack" args=["amqp-hack",null]
8 verbose parsed url { protocol: null,
8 verbose parsed url   slashes: null,
8 verbose parsed url   auth: null,
8 verbose parsed url   host: null,
8 verbose parsed url   port: null,
8 verbose parsed url   hostname: null,
8 verbose parsed url   hash: null,
8 verbose parsed url   search: null,
8 verbose parsed url   query: null,
8 verbose parsed url   pathname: 'amqp-hack',
8 verbose parsed url   path: 'amqp-hack',
8 verbose parsed url   href: 'amqp-hack' }
9 silly lockFile 30826a22-amqp-hack amqp-hack
10 verbose lock amqp-hack /home/jafletch/.npm/30826a22-amqp-hack.lock
11 silly lockFile 30826a22-amqp-hack amqp-hack
12 silly lockFile 30826a22-amqp-hack amqp-hack
13 verbose addNamed [ 'amqp-hack', '' ]
14 verbose addNamed [ null, '*' ]
15 silly lockFile 0d98c022-amqp-hack amqp-hack@
16 verbose lock amqp-hack@ /home/jafletch/.npm/0d98c022-amqp-hack.lock
17 silly addNameRange { name: 'amqp-hack', range: '*', hasData: false }
18 verbose url raw amqp-hack
19 verbose url resolving [ 'https://registry.npmjs.org/', './amqp-hack' ]
20 verbose url resolved https://registry.npmjs.org/amqp-hack
21 info trying registry request attempt 1 at 22:21:27
22 http GET https://registry.npmjs.org/amqp-hack
23 http 404 https://registry.npmjs.org/amqp-hack
24 silly registry.get cb [ 404,
24 silly registry.get   { server: 'CouchDB/1.3.1 (Erlang OTP/R15B03)',
24 silly registry.get     date: 'Fri, 08 Nov 2013 06:21:29 GMT',
24 silly registry.get     'content-type': 'application/json',
24 silly registry.get     'content-length': '52',
24 silly registry.get     'cache-control': 'must-revalidate' } ]
25 silly lockFile 0d98c022-amqp-hack amqp-hack@
26 silly lockFile 0d98c022-amqp-hack amqp-hack@
27 error 404 'amqp-hack' is not in the npm registry.
27 error 404 You should bug the author to publish it
27 error 404
27 error 404 Note that you can also install from a
27 error 404 tarball, folder, or http url, or git url.
28 error System Linux 3.11.0-12-generic
29 error command "/usr/local/bin/node" "/usr/local/bin/npm" "install" "amqp-hack"
30 error cwd /home/jafletch/apiary/Queen
31 error node -v v0.10.21
32 error npm -v 1.3.11
33 error code E404
34 verbose exit [ 1, true ]
